0 info it worked if it ends with ok
1 verbose cli [ '/home/webgis/.nvm/versions/node/v0.12.4/bin/node',
1 verbose cli   '/home/webgis/.nvm/versions/node/v0.12.4/bin/npm',
1 verbose cli   'run-script',
1 verbose cli   'lint' ]
2 info using npm@2.10.1
3 info using node@v0.12.4
4 verbose run-script [ 'prelint', 'lint', 'postlint' ]
5 info prelint angular-cardflow@0.3.2
6 info lint angular-cardflow@0.3.2
7 verbose unsafe-perm in lifecycle true
8 info angular-cardflow@0.3.2 Failed to exec lint script
9 verbose stack Error: angular-cardflow@0.3.2 lint: `eslint -c .eslintrc src && jshint -c .jshintrc --reporter=unix src && jscs -c .jscsrc src && csslint -format=compact src`
9 verbose stack Exit status 1
9 verbose stack     at EventEmitter.<anonymous> (/home/webgis/.nvm/versions/node/v0.12.4/lib/node_modules/npm/lib/utils/lifecycle.js:213:16)
9 verbose stack     at EventEmitter.emit (events.js:110:17)
9 verbose stack     at ChildProcess.<anonymous> (/home/webgis/.nvm/versions/node/v0.12.4/lib/node_modules/npm/lib/utils/spawn.js:24:14)
9 verbose stack     at ChildProcess.emit (events.js:110:17)
9 verbose stack     at maybeClose (child_process.js:1015:16)
9 verbose stack     at Process.ChildProcess._handle.onexit (child_process.js:1087:5)
10 verbose pkgid angular-cardflow@0.3.2
11 verbose cwd /home/webgis/git/angular-cardflow
12 error Linux 3.16.0-49-generic
13 error argv "/home/webgis/.nvm/versions/node/v0.12.4/bin/node" "/home/webgis/.nvm/versions/node/v0.12.4/bin/npm" "run-script" "lint"
14 error node v0.12.4
15 error npm  v2.10.1
16 error code ELIFECYCLE
17 error angular-cardflow@0.3.2 lint: `eslint -c .eslintrc src && jshint -c .jshintrc --reporter=unix src && jscs -c .jscsrc src && csslint -format=compact src`
17 error Exit status 1
18 error Failed at the angular-cardflow@0.3.2 lint script 'eslint -c .eslintrc src && jshint -c .jshintrc --reporter=unix src && jscs -c .jscsrc src && csslint -format=compact src'.
18 error This is most likely a problem with the angular-cardflow package,
18 error not with npm itself.
18 error Tell the author that this fails on your system:
18 error     eslint -c .eslintrc src && jshint -c .jshintrc --reporter=unix src && jscs -c .jscsrc src && csslint -format=compact src
18 error You can get their info via:
18 error     npm owner ls angular-cardflow
18 error There is likely additional logging output above.
19 verbose exit [ 1, true ]
